#
# There is insufficient memory for the Java Runtime Environment to continue.
# Native memory allocation (malloc) failed to allocate 1026896 bytes for Chunk::new
# Possible reasons:
#   The system is out of physical RAM or swap space
#   In 32 bit mode, the process size limit was hit
# Possible solutions:
#   Reduce memory load on the system
#   Increase physical memory or swap space
#   Check if swap backing store is full
#   Use 64 bit Java on a 64 bit OS
#   Decrease Java heap size (-Xmx/-Xms)
#   Decrease number of Java threads
#   Decrease Java thread stack sizes (-Xss)
#   Set larger code cache with -XX:ReservedCodeCacheSize=
# This output file may be truncated or incomplete.
#
#  Out of Memory Error (allocation.cpp:390), pid=11244, tid=0x0000000000002298
#
# JRE version: OpenJDK Runtime Environment (8.0_76-b03) (build 1.8.0_76-release-b03)
# Java VM: OpenJDK 64-Bit Server VM (25.76-b03 mixed mode windows-amd64 compressed oops)
# Failed to write core dump. Minidumps are not enabled by default on client versions of Windows
#

---------------  T H R E A D  ---------------

Current thread (0x00000000168b8800):  JavaThread "C2 CompilerThread0" daemon [_thread_in_native, id=8856, stack(0x0000000017f00000,0x0000000018000000)]

Stack: [0x0000000017f00000,0x0000000018000000]
[error occurred during error reporting (printing stack bounds), id 0xc0000005]

Native frames: (J=compiled Java code, j=interpreted, Vv=VM code, C=native code)


Current CompileTask:
C2: 261485 16190       4       com.sun.org.apache.xerces.internal.impl.XMLNSDocumentScannerImpl::scanStartElement (1020 bytes)


---------------  P R O C E S S  ---------------

Java Threads: ( => current thread )
  0x000000001d00a800 JavaThread "pool-14-thread-4" [_thread_blocked, id=5032, stack(0x0000000029b00000,0x0000000029c00000)]
  0x000000001d011000 JavaThread "pool-14-thread-3" [_thread_blocked, id=10704, stack(0x0000000029a00000,0x0000000029b00000)]
  0x000000001d010800 JavaThread "pool-14-thread-2" [_thread_blocked, id=10016, stack(0x0000000029900000,0x0000000029a00000)]
  0x000000001d009000 JavaThread "pool-14-thread-1" [_thread_blocked, id=10708, stack(0x0000000029800000,0x0000000029900000)]
  0x000000001d008000 JavaThread "stdout" daemon [_thread_in_native, id=7100, stack(0x0000000028730000,0x0000000028830000)]
  0x000000001d00c800 JavaThread "stderr" daemon [_thread_in_native, id=1304, stack(0x0000000028630000,0x0000000028730000)]
  0x000000001d00b000 JavaThread "stdout" daemon [_thread_in_native, id=7952, stack(0x0000000028530000,0x0000000028630000)]
  0x000000001d00e000 JavaThread "stderr" daemon [_thread_in_native, id=5224, stack(0x0000000028430000,0x0000000028530000)]
  0x000000001d007800 JavaThread "stdout" daemon [_thread_in_native, id=6916, stack(0x0000000028330000,0x0000000028430000)]
  0x000000001d006800 JavaThread "stderr" daemon [_thread_in_native, id=6576, stack(0x0000000028230000,0x0000000028330000)]
  0x000000001d00c000 JavaThread "stdout" daemon [_thread_in_native, id=10076, stack(0x0000000028130000,0x0000000028230000)]
  0x000000001d009800 JavaThread "stderr" daemon [_thread_in_native, id=8556, stack(0x0000000028030000,0x0000000028130000)]
  0x000000001f304800 JavaThread "stdout" daemon [_thread_in_native, id=9360, stack(0x0000000027f30000,0x0000000028030000)]
  0x00000000199dc000 JavaThread "stderr" daemon [_thread_in_native, id=7368, stack(0x0000000027e30000,0x0000000027f30000)]
  0x000000001c39c000 JavaThread "png-cruncher_20" daemon [_thread_blocked, id=11252, stack(0x0000000027d30000,0x0000000027e30000)]
  0x000000001c39b000 JavaThread "png-cruncher_19" daemon [_thread_blocked, id=2688, stack(0x0000000027c30000,0x0000000027d30000)]
  0x000000001c393800 JavaThread "png-cruncher_18" daemon [_thread_blocked, id=9388, stack(0x0000000027b30000,0x0000000027c30000)]
  0x000000001c399000 JavaThread "png-cruncher_17" daemon [_thread_blocked, id=7208, stack(0x0000000027a30000,0x0000000027b30000)]
  0x000000001c399800 JavaThread "png-cruncher_16" daemon [_thread_blocked, id=9812, stack(0x0000000027930000,0x0000000027a30000)]
  0x000000001c396000 JavaThread "pool-8-thread-4" [_thread_blocked, id=11228, stack(0x0000000027730000,0x0000000027830000)]
  0x000000001c398000 JavaThread "pool-8-thread-3" [_thread_blocked, id=5960, stack(0x0000000027630000,0x0000000027730000)]
  0x000000001c394800 JavaThread "pool-8-thread-2" [_thread_blocked, id=7748, stack(0x0000000027530000,0x0000000027630000)]
  0x000000001d41b800 JavaThread "pool-8-thread-1" [_thread_blocked, id=11172, stack(0x0000000027430000,0x0000000027530000)]
  0x000000001d41a000 JavaThread "Asynchronous log dispatcher for org.gradle.launcher.daemon.server.DefaultDaemonConnection@1565fe73" [_thread_blocked, id=5444, stack(0x0000000027230000,0x0000000027330000)]
  0x000000001d417800 JavaThread "Daemon worker Thread 2" [_thread_in_native, id=6848, stack(0x0000000027130000,0x0000000027230000)]
  0x000000001d419000 JavaThread "Cancel handler" [_thread_blocked, id=10480, stack(0x0000000027030000,0x0000000027130000)]
  0x000000001d416000 JavaThread "Handler for socket connection from /127.0.0.1:52905 to /127.0.0.1:52955" [_thread_in_native, id=9436, stack(0x0000000026f30000,0x0000000027030000)]
  0x000000001d418800 JavaThread "Daemon Thread 2" [_thread_blocked, id=10408, stack(0x0000000026e30000,0x0000000026f30000)]
  0x000000001d40e800 JavaThread "stdout" daemon [_thread_in_native, id=7960, stack(0x0000000025f30000,0x0000000026030000)]
  0x000000001d414800 JavaThread "stderr" daemon [_thread_in_native, id=3264, stack(0x0000000025e30000,0x0000000025f30000)]
  0x000000001d415800 JavaThread "stdout" daemon [_thread_in_native, id=8344, stack(0x0000000025d30000,0x0000000025e30000)]
  0x000000001d40d000 JavaThread "stderr" daemon [_thread_in_native, id=4072, stack(0x0000000025c30000,0x0000000025d30000)]
  0x000000001d414000 JavaThread "stdout" daemon [_thread_in_native, id=5132, stack(0x0000000025b30000,0x0000000025c30000)]
  0x000000001d40c800 JavaThread "stderr" daemon [_thread_in_native, id=10124, stack(0x0000000025a30000,0x0000000025b30000)]
  0x000000001d413000 JavaThread "stdout" daemon [_thread_in_native, id=2224, stack(0x0000000025930000,0x0000000025a30000)]
  0x000000001d411800 JavaThread "stderr" daemon [_thread_in_native, id=3756, stack(0x0000000025830000,0x0000000025930000)]
  0x000000001d411000 JavaThread "stdout" daemon [_thread_in_native, id=4552, stack(0x0000000025730000,0x0000000025830000)]
  0x000000001d410000 JavaThread "stderr" daemon [_thread_in_native, id=1404, stack(0x0000000025630000,0x0000000025730000)]
  0x000000001d40f800 JavaThread "stdout" daemon [_thread_in_native, id=7660, stack(0x0000000025530000,0x0000000025630000)]
  0x000000001d40e000 JavaThread "stderr" daemon [_thread_in_native, id=8220, stack(0x0000000025430000,0x0000000025530000)]
  0x000000001d412800 JavaThread "stdout" daemon [_thread_in_native, id=7448, stack(0x0000000025330000,0x0000000025430000)]
  0x00000000199db000 JavaThread "stderr" daemon [_thread_in_native, id=5520, stack(0x0000000025230000,0x0000000025330000)]
  0x00000000199dc800 JavaThread "stdout" daemon [_thread_in_native, id=7868, stack(0x0000000025030000,0x0000000025130000)]
  0x00000000199da800 JavaThread "stderr" daemon [_thread_in_native, id=3864, stack(0x0000000024f30000,0x0000000025030000)]
  0x00000000199d9800 JavaThread "stdout" daemon [_thread_in_native, id=7904, stack(0x0000000024e30000,0x0000000024f30000)]
  0x00000000199dd800 JavaThread "stderr" daemon [_thread_in_native, id=9804, stack(0x0000000024d30000,0x0000000024e30000)]
  0x00000000199d9000 JavaThread "stdout" daemon [_thread_in_native, id=11180, stack(0x0000000024c30000,0x0000000024d30000)]
  0x00000000199d1800 JavaThread "stderr" daemon [_thread_in_native, id=11112, stack(0x0000000024b30000,0x0000000024c30000)]
  0x00000000199d8000 JavaThread "stdout" daemon [_thread_in_native, id=7060, stack(0x0000000024a30000,0x0000000024b30000)]
  0x00000000199d7800 JavaThread "stderr" daemon [_thread_in_native, id=4920, stack(0x0000000024930000,0x0000000024a30000)]
  0x00000000199d0000 JavaThread "stdout" daemon [_thread_in_native, id=3128, stack(0x0000000024830000,0x0000000024930000)]
  0x00000000199d4800 JavaThread "stderr" daemon [_thread_in_native, id=11196, stack(0x0000000024730000,0x0000000024830000)]
  0x00000000199d6800 JavaThread "png-cruncher_15" daemon [_thread_blocked, id=11052, stack(0x0000000024630000,0x0000000024730000)]
  0x00000000199d3800 JavaThread "png-cruncher_14" daemon [_thread_blocked, id=11044, stack(0x0000000024530000,0x0000000024630000)]
  0x00000000199d0800 JavaThread "png-cruncher_13" daemon [_thread_blocked, id=1776, stack(0x0000000024430000,0x0000000024530000)]
  0x00000000199cf000 JavaThread "png-cruncher_12" daemon [_thread_blocked, id=11032, stack(0x0000000024330000,0x0000000024430000)]
  0x00000000199d5000 JavaThread "png-cruncher_11" daemon [_thread_blocked, id=10964, stack(0x0000000024230000,0x0000000024330000)]
  0x00000000199d3000 JavaThread "png-cruncher_10" daemon [_thread_blocked, id=10992, stack(0x0000000024130000,0x0000000024230000)]
  0x00000000199d6000 JavaThread "png-cruncher_9" daemon [_thread_blocked, id=11000, stack(0x0000000024030000,0x0000000024130000)]
  0x00000000199d2000 JavaThread "png-cruncher_8" daemon [_thread_blocked, id=10908, stack(0x0000000023f30000,0x0000000024030000)]
  0x00000000199ce800 JavaThread "png-cruncher_7" daemon [_thread_blocked, id=10932, stack(0x0000000023e30000,0x0000000023f30000)]
  0x000000001f302000 JavaThread "png-cruncher_6" daemon [_thread_blocked, id=11064, stack(0x0000000023d30000,0x0000000023e30000)]
  0x000000001f301800 JavaThread "stdout" daemon [_thread_in_native, id=10752, stack(0x0000000023c30000,0x0000000023d30000)]
  0x000000001c3a2800 JavaThread "stderr" daemon [_thread_in_native, id=11072, stack(0x0000000023b30000,0x0000000023c30000)]
  0x000000001c3a0800 JavaThread "stdout" daemon [_thread_in_native, id=10784, stack(0x0000000023a30000,0x0000000023b30000)]
  0x000000001c3a2000 JavaThread "stderr" daemon [_thread_in_native, id=10684, stack(0x0000000023930000,0x0000000023a30000)]
  0x000000001c3a1000 JavaThread "stdout" daemon [_thread_in_native, id=10948, stack(0x0000000023830000,0x0000000023930000)]
  0x000000001c39f800 JavaThread "stderr" daemon [_thread_in_native, id=11020, stack(0x0000000023730000,0x0000000023830000)]
  0x000000001c39f000 JavaThread "png-cruncher_5" daemon [_thread_blocked, id=11016, stack(0x0000000023630000,0x0000000023730000)]
  0x000000001c39d800 JavaThread "png-cruncher_4" daemon [_thread_blocked, id=10988, stack(0x0000000023530000,0x0000000023630000)]
  0x000000001c39e000 JavaThread "png-cruncher_3" daemon [_thread_blocked, id=10872, stack(0x0000000023430000,0x0000000023530000)]
  0x000000001c39c800 JavaThread "png-cruncher_2" daemon [_thread_blocked, id=10676, stack(0x0000000023330000,0x0000000023430000)]
  0x000000001c395000 JavaThread "png-cruncher_1" daemon [_thread_blocked, id=11024, stack(0x0000000023230000,0x0000000023330000)]
  0x000000001f300000 JavaThread "pool-2-thread-1" [_thread_blocked, id=1408, stack(0x000000001e970000,0x000000001ea70000)]
  0x000000001be73800 JavaThread "File lock request listener" [_thread_in_native, id=848, stack(0x000000001e670000,0x000000001e770000)]
  0x000000001920d000 JavaThread "pool-1-thread-1" [_thread_blocked, id=5336, stack(0x000000001aa00000,0x000000001ab00000)]
  0x0000000019917800 JavaThread "Incoming local TCP Connector on port 52905" [_thread_in_native, id=8248, stack(0x000000001a310000,0x000000001a410000)]
  0x000000001690d800 JavaThread "Service Thread" daemon [_thread_blocked, id=5588, stack(0x0000000018600000,0x0000000018700000)]
  0x00000000168ae800 JavaThread "C1 CompilerThread2" daemon [_thread_blocked, id=9900, stack(0x0000000018100000,0x0000000018200000)]
  0x00000000168a7800 JavaThread "C2 CompilerThread1" daemon [_thread_blocked, id=8920, stack(0x0000000018000000,0x0000000018100000)]
=>0x00000000168b8800 JavaThread "C2 CompilerThread0" daemon [_thread_in_native, id=8856, stack(0x0000000017f00000,0x0000000018000000)]
  0x00000000168b7000 JavaThread "Attach Listener" daemon [_thread_blocked, id=2144, stack(0x0000000017e00000,0x0000000017f00000)]
  0x00000000168b6000 JavaThread "Signal Dispatcher" daemon [_thread_blocked, id=1224, stack(0x0000000017d00000,0x0000000017e00000)]
  0x0000000001aeb000 JavaThread "Finalizer" daemon [_thread_blocked, id=8972, stack(0x0000000017b00000,0x0000000017c00000)]
  0x0000000001ae0000 JavaThread "Reference Handler" daemon [_thread_blocked, id=10832, stack(0x0000000017a00000,0x0000000017b00000)]
  0x00000000019f0800 JavaThread "main" [_thread_blocked, id=10004, stack(0x0000000001830000,0x0000000001930000)]

Other Threads:
  0x0000000016875800 VMThread [stack: 0x0000000017900000,0x0000000017a00000] [id=4308]
  0x000000001690e800 WatcherThread [stack: 0x0000000018700000,0x0000000018800000] [id=8948]

VM state:not at safepoint (normal execution)

VM Mutex/Monitor currently owned by a thread: None

Heap:
 PSYoungGen      total 445440K, used 180934K [0x00000000e0000000, 0x0000000100000000, 0x0000000100000000)
  eden space 366592K, 49% used [0x00000000e0000000,0x00000000eaf893b0,0x00000000f6600000)
  from space 78848K, 1% used [0x00000000f6600000,0x00000000f67286a8,0x00000000fb300000)
  to   space 78336K, 0% used [0x00000000fb380000,0x00000000fb380000,0x0000000100000000)
 ParOldGen       total 260096K, used 143106K [0x00000000a0000000, 0x00000000afe00000, 0x00000000e0000000)
  object space 260096K, 55% used [0x00000000a0000000,0x00000000a8bc0be0,0x00000000afe00000)
 Metaspace       used 70614K, capacity 73400K, committed 73776K, reserved 1114112K
  class space    used 9026K, capacity 9679K, committed 9776K, reserved 1048576K

Card table byte_map: [0x0000000012400000,0x0000000012710000] byte_map_base: 0x0000000011f00000

Marking Bits: (ParMarkBitMap*) 0x0000000064a59d00
 Begin Bits: [0x0000000012c10000, 0x0000000014410000)
 End Bits:   [0x0000000014410000, 0x0000000015c10000)

Polling page: 0x00000000017f0000

CodeCache: size=245760Kb used=46518Kb max_used=46535Kb free=199241Kb
 bounds [0x0000000003400000, 0x00000000061b0000, 0x0000000012400000]
 total_blobs=13789 nmethods=13040 adapters=661
 compilation: enabled

Compilation events (10 events):
Event: 260.378 Thread 0x00000000168ae800 nmethod 16211 0x000000000618c310 code [0x000000000618c540, 0x000000000618d388]
Event: 260.434 Thread 0x00000000168ae800 16212       3       java.util.TreeSet::<init> (13 bytes)
Event: 260.435 Thread 0x00000000168ae800 nmethod 16212 0x000000000618bad0 code [0x000000000618bc60, 0x000000000618c0d0]
Event: 260.438 Thread 0x00000000168a7800 nmethod 16189 0x00000000061a8d10 code [0x00000000061a8fe0, 0x00000000061aaf48]
Event: 260.438 Thread 0x00000000168a7800 16192       4       com.sun.org.apache.xml.internal.dtm.ref.ExpandedNameTable$HashEntry::<init> (26 bytes)
Event: 260.439 Thread 0x00000000168a7800 nmethod 16192 0x0000000004891750 code [0x0000000004891880, 0x00000000048918f8]
Event: 260.439 Thread 0x00000000168a7800 16210       4       com.sun.org.apache.xml.internal.utils.SuballocatedIntVector::elementAt (34 bytes)
Event: 260.439 Thread 0x00000000168a7800 nmethod 16210 0x0000000005cb4f50 code [0x0000000005cb5080, 0x0000000005cb5138]
Event: 260.439 Thread 0x00000000168a7800 16208       4       com.sun.org.apache.xpath.internal.compiler.OpMapVector::setElementAt (60 bytes)
Event: 260.440 Thread 0x00000000168a7800 nmethod 16208 0x0000000005cb4c90 code [0x0000000005cb4dc0, 0x0000000005cb4e78]

GC Heap History (10 events):
Event: 246.742 GC heap before
{Heap before GC invocations=24 (full 4):
 PSYoungGen      total 475648K, used 472945K [0x00000000e0000000, 0x0000000100000000, 0x0000000100000000)
  eden space 450048K, 100% used [0x00000000e0000000,0x00000000fb780000,0x00000000fb780000)
  from space 25600K, 89% used [0x00000000fb780000,0x00000000fcddc498,0x00000000fd080000)
  to   space 39936K, 0% used [0x00000000fd900000,0x00000000fd900000,0x0000000100000000)
 ParOldGen       total 165376K, used 83627K [0x00000000a0000000, 0x00000000aa180000, 0x00000000e0000000)
  object space 165376K, 50% used [0x00000000a0000000,0x00000000a51aafa8,0x00000000aa180000)
 Metaspace       used 70280K, capacity 72976K, committed 73136K, reserved 1112064K
  class space    used 8992K, capacity 9605K, committed 9648K, reserved 1048576K
Event: 246.898 GC heap after
Heap after GC invocations=24 (full 4):
 PSYoungGen      total 477184K, used 31376K [0x00000000e0000000, 0x0000000100000000, 0x0000000100000000)
  eden space 437248K, 0% used [0x00000000e0000000,0x00000000e0000000,0x00000000fab00000)
  from space 39936K, 78% used [0x00000000fd900000,0x00000000ff7a41e0,0x0000000100000000)
  to   space 43520K, 0% used [0x00000000fab00000,0x00000000fab00000,0x00000000fd580000)
 ParOldGen       total 165376K, used 95500K [0x00000000a0000000, 0x00000000aa180000, 0x00000000e0000000)
  object space 165376K, 57% used [0x00000000a0000000,0x00000000a5d43120,0x00000000aa180000)
 Metaspace       used 70280K, capacity 72976K, committed 73136K, reserved 1112064K
  class space    used 8992K, capacity 9605K, committed 9648K, reserved 1048576K
}
Event: 248.749 GC heap before
{Heap before GC invocations=25 (full 4):
 PSYoungGen      total 477184K, used 468624K [0x00000000e0000000, 0x0000000100000000, 0x0000000100000000)
  eden space 437248K, 100% used [0x00000000e0000000,0x00000000fab00000,0x00000000fab00000)
  from space 39936K, 78% used [0x00000000fd900000,0x00000000ff7a41e0,0x0000000100000000)
  to   space 43520K, 0% used [0x00000000fab00000,0x00000000fab00000,0x00000000fd580000)
 ParOldGen       total 165376K, used 95500K [0x00000000a0000000, 0x00000000aa180000, 0x00000000e0000000)
  object space 165376K, 57% used [0x00000000a0000000,0x00000000a5d43120,0x00000000aa180000)
 Metaspace       used 70309K, capacity 73040K, committed 73136K, reserved 1112064K
  class space    used 8992K, capacity 9605K, committed 9648K, reserved 1048576K
Event: 248.946 GC heap after
Heap after GC invocations=25 (full 4):
 PSYoungGen      total 480768K, used 43507K [0x00000000e0000000, 0x0000000100000000, 0x0000000100000000)
  eden space 437248K, 0% used [0x00000000e0000000,0x00000000e0000000,0x00000000fab00000)
  from space 43520K, 99% used [0x00000000fab00000,0x00000000fd57cf98,0x00000000fd580000)
  to   space 43520K, 0% used [0x00000000fd580000,0x00000000fd580000,0x0000000100000000)
 ParOldGen       total 165376K, used 125375K [0x00000000a0000000, 0x00000000aa180000, 0x00000000e0000000)
  object space 165376K, 75% used [0x00000000a0000000,0x00000000a7a6fd40,0x00000000aa180000)
 Metaspace       used 70309K, capacity 73040K, committed 73136K, reserved 1112064K
  class space    used 8992K, capacity 9605K, committed 9648K, reserved 1048576K
}
Event: 251.056 GC heap before
{Heap before GC invocations=26 (full 4):
 PSYoungGen      total 480768K, used 480755K [0x00000000e0000000, 0x0000000100000000, 0x0000000100000000)
  eden space 437248K, 100% used [0x00000000e0000000,0x00000000fab00000,0x00000000fab00000)
  from space 43520K, 99% used [0x00000000fab00000,0x00000000fd57cf98,0x00000000fd580000)
  to   space 43520K, 0% used [0x00000000fd580000,0x00000000fd580000,0x0000000100000000)
 ParOldGen       total 165376K, used 125378K [0x00000000a0000000, 0x00000000aa180000, 0x00000000e0000000)
  object space 165376K, 75% used [0x00000000a0000000,0x00000000a7a70a08,0x00000000aa180000)
 Metaspace       used 70328K, capacity 73040K, committed 73136K, reserved 1112064K
  class space    used 8993K, capacity 9605K, committed 9648K, reserved 1048576K
Event: 251.270 GC heap after
Heap after GC invocations=26 (full 4):
 PSYoungGen      total 410112K, used 43518K [0x00000000e0000000, 0x0000000100000000, 0x0000000100000000)
  eden space 366592K, 0% used [0x00000000e0000000,0x00000000e0000000,0x00000000f6600000)
  from space 43520K, 99% used [0x00000000fd580000,0x00000000fffffa60,0x0000000100000000)
  to   space 78848K, 0% used [0x00000000f6600000,0x00000000f6600000,0x00000000fb300000)
 ParOldGen       total 165376K, used 160351K [0x00000000a0000000, 0x00000000aa180000, 0x00000000e0000000)
  object space 165376K, 96% used [0x00000000a0000000,0x00000000a9c97e88,0x00000000aa180000)
 Metaspace       used 70328K, capacity 73040K, committed 73136K, reserved 1112064K
  class space    used 8993K, capacity 9605K, committed 9648K, reserved 1048576K
}
Event: 251.270 GC heap before
{Heap before GC invocations=27 (full 5):
 PSYoungGen      total 410112K, used 43518K [0x00000000e0000000, 0x0000000100000000, 0x0000000100000000)
  eden space 366592K, 0% used [0x00000000e0000000,0x00000000e0000000,0x00000000f6600000)
  from space 43520K, 99% used [0x00000000fd580000,0x00000000fffffa60,0x0000000100000000)
  to   space 78848K, 0% used [0x00000000f6600000,0x00000000f6600000,0x00000000fb300000)
 ParOldGen       total 165376K, used 160351K [0x00000000a0000000, 0x00000000aa180000, 0x00000000e0000000)
  object space 165376K, 96% used [0x00000000a0000000,0x00000000a9c97e88,0x00000000aa180000)
 Metaspace       used 70328K, capacity 73040K, committed 73136K, reserved 1112064K
  class space    used 8993K, capacity 9605K, committed 9648K, reserved 1048576K
Event: 252.588 GC heap after
Heap after GC invocations=27 (full 5):
 PSYoungGen      total 410112K, used 0K [0x00000000e0000000, 0x0000000100000000, 0x0000000100000000)
  eden space 366592K, 0% used [0x00000000e0000000,0x00000000e0000000,0x00000000f6600000)
  from space 43520K, 0% used [0x00000000fd580000,0x00000000fd580000,0x0000000100000000)
  to   space 78848K, 0% used [0x00000000f6600000,0x00000000f6600000,0x00000000fb300000)
 ParOldGen       total 260096K, used 143106K [0x00000000a0000000, 0x00000000afe00000, 0x00000000e0000000)
  object space 260096K, 55% used [0x00000000a0000000,0x00000000a8bc0be0,0x00000000afe00000)
 Metaspace       used 70328K, capacity 73040K, committed 73136K, reserved 1112064K
  class space    used 8993K, capacity 9605K, committed 9648K, reserved 1048576K
}
Event: 252.613 GC heap before
{Heap before GC invocations=28 (full 5):
 PSYoungGen      total 410112K, used 6624K [0x00000000e0000000, 0x0000000100000000, 0x0000000100000000)
  eden space 366592K, 1% used [0x00000000e0000000,0x00000000e06782e0,0x00000000f6600000)
  from space 43520K, 0% used [0x00000000fd580000,0x00000000fd580000,0x0000000100000000)
  to   space 78848K, 0% used [0x00000000f6600000,0x00000000f6600000,0x00000000fb300000)
 ParOldGen       total 260096K, used 143106K [0x00000000a0000000, 0x00000000afe00000, 0x00000000e0000000)
  object space 260096K, 55% used [0x00000000a0000000,0x00000000a8bc0be0,0x00000000afe00000)
 Metaspace       used 70328K, capacity 73040K, committed 73136K, reserved 1112064K
  class space    used 8993K, capacity 9605K, committed 9648K, reserved 1048576K
Event: 252.620 GC heap after
Heap after GC invocations=28 (full 5):
 PSYoungGen      total 445440K, used 1185K [0x00000000e0000000, 0x0000000100000000, 0x0000000100000000)
  eden space 366592K, 0% used [0x00000000e0000000,0x00000000e0000000,0x00000000f6600000)
  from space 78848K, 1% used [0x00000000f6600000,0x00000000f67286a8,0x00000000fb300000)
  to   space 78336K, 0% used [0x00000000fb380000,0x00000000fb380000,0x0000000100000000)
 ParOldGen       total 260096K, used 143106K [0x00000000a0000000, 0x00000000afe00000, 0x00000000e0000000)
  object space 260096K, 55% used [0x00000000a0000000,0x00000000a8bc0be0,0x00000000afe00000)
 Metaspace       used 70328K, capacity 73040K, committed 73136K, reserved 1112064K
  class space    used 8993K, capacity 9605K, committed 9648K, reserved 1048576K
}

Deoptimization events (10 events):
Event: 252.996 Thread 0x0000000019fa1800 Uncommon trap: reason=speculate_class_check action=maybe_recompile pc=0x00000000054eb0a8 method=java.util.concurrent.locks.AbstractQueuedSynchronizer.release(I)Z @ 2
Event: 253.547 Thread 0x0000000019fa1000 Uncommon trap: reason=unstable_if action=reinterpret pc=0x000000000612fcfc method=com.android.dx.rop.code.RegisterSpecSet.<init>(I)V @ 2
Event: 255.172 Thread 0x000000001d417800 Uncommon trap: reason=unstable_if action=reinterpret pc=0x0000000004f750dc method=java.security.Provider$ServiceKey.matches(Ljava/lang/String;Ljava/lang/String;)Z @ 5
Event: 257.720 Thread 0x000000001d417800 Uncommon trap: reason=unstable_if action=reinterpret pc=0x0000000004c11ae8 method=sun.util.calendar.BaseCalendar.getFixedDate(IIILsun/util/calendar/BaseCalendar$Date;)J @ 76
Event: 257.720 Thread 0x000000001d417800 Uncommon trap: reason=unstable_if action=reinterpret pc=0x0000000004ddb908 method=sun.util.calendar.BaseCalendar.getFixedDate(IIILsun/util/calendar/BaseCalendar$Date;)J @ 76
Event: 257.720 Thread 0x000000001d417800 Uncommon trap: reason=unstable_if action=reinterpret pc=0x0000000004f4a7c8 method=sun.security.jca.ProviderConfig.getProvider()Ljava/security/Provider; @ 6
Event: 257.908 Thread 0x000000001d417800 Uncommon trap: reason=class_check action=maybe_recompile pc=0x0000000004f703f8 method=java.security.Provider$Service.newInstance(Ljava/lang/Object;)Ljava/lang/Object; @ 19
Event: 260.024 Thread 0x000000001d417800 Uncommon trap: reason=unstable_if action=reinterpret pc=0x000000000522b754 method=java.math.BigInteger.stripLeadingZeroBytes([B)[I @ 7
Event: 260.025 Thread 0x000000001d417800 Uncommon trap: reason=unstable_if action=reinterpret pc=0x0000000004d5a724 method=java.math.BigInteger.bitLength()I @ 21
Event: 260.025 Thread 0x000000001d417800 Uncommon trap: reason=unstable_if action=reinterpret pc=0x0000000004bd8464 method=java.math.BigInteger.stripLeadingZeroBytes([B)[I @ 7

Internal exceptions (10 events):
Event: 196.096 Thread 0x000000001d417800 Implicit null exception at 0x0000000005165ade to 0x000000000516696b
Event: 211.038 Thread 0x000000001d417800 Implicit null exception at 0x000000000542c4a1 to 0x000000000542cb35
Event: 211.878 Thread 0x000000001d417800 Implicit null exception at 0x0000000005413314 to 0x0000000005413a31
Event: 213.412 Thread 0x000000001d417800 Exception <a 'java/lang/NoSuchMethodError': <clinit>> (0x00000000e20fbd10) thrown at [C:\src\android\AOSP-openjdk\external\jetbrains\jdk\hotspot\src\share\vm\prims\jni.cpp, line 1591]
Event: 214.384 Thread 0x000000001d417800 Exception <a 'java/io/FileNotFoundException'> (0x00000000e16ecdd0) thrown at [C:\src\android\AOSP-openjdk\external\jetbrains\jdk\hotspot\src\share\vm\prims\jni.cpp, line 709]
Event: 238.464 Thread 0x000000001d016000 Implicit null exception at 0x0000000005a32328 to 0x0000000005a33169
Event: 238.465 Thread 0x000000001d016000 Implicit null exception at 0x0000000005a38cc9 to 0x0000000005a398f5
Event: 239.031 Thread 0x000000001d010800 Implicit null exception at 0x0000000005b3b67c to 0x0000000005b3bd75
Event: 247.817 Thread 0x0000000019fa6000 Implicit null exception at 0x0000000005de46ad to 0x0000000005de663d
Event: 247.818 Thread 0x0000000019fa6000 Implicit null exception at 0x0000000005edf46a to 0x0000000005ee1445

Events (10 events):
Event: 260.025 Thread 0x000000001d417800 DEOPT PACKING pc=0x0000000004bd8464 sp=0x000000002722c3d0
Event: 260.025 Thread 0x000000001d417800 DEOPT UNPACKING pc=0x000000000344556a sp=0x000000002722c358 mode 2
Event: 260.027 loading class java/security/KeyStore$PrivateKeyEntry
Event: 260.229 loading class java/security/KeyStore$Entry
Event: 260.274 loading class java/security/KeyStore$Entry done
Event: 260.274 loading class java/security/KeyStore$PrivateKeyEntry done
Event: 260.274 loading class com/android/ide/common/signing/CertificateInfo
Event: 260.274 loading class com/android/ide/common/signing/CertificateInfo done
Event: 260.435 loading class com/android/builder/internal/packaging/sign/SignatureExtension
Event: 260.435 loading class com/android/builder/internal/packaging/sign/SignatureExtension done


Dynamic libraries:
0x00007ff7dd200000 - 0x00007ff7dd231000 	C:\Program Files\Android\Android Studio\jre\bin\java.exe
0x00007ffa6a160000 - 0x00007ffa6a331000 	C:\WINDOWS\SYSTEM32\ntdll.dll
0x00007ffa69c60000 - 0x00007ffa69d0b000 	C:\WINDOWS\System32\KERNEL32.DLL
0x00007ffa66e30000 - 0x00007ffa6704d000 	C:\WINDOWS\System32\KERNELBASE.dll
0x00007ffa67740000 - 0x00007ffa677e2000 	C:\WINDOWS\System32\ADVAPI32.dll
0x00007ffa69f20000 - 0x00007ffa69fbe000 	C:\WINDOWS\System32\msvcrt.dll
0x00007ffa69c00000 - 0x00007ffa69c59000 	C:\WINDOWS\System32\sechost.dll
0x00007ffa67b00000 - 0x00007ffa67c21000 	C:\WINDOWS\System32\RPCRT4.dll
0x00007ffa69a90000 - 0x00007ffa69bf5000 	C:\WINDOWS\System32\USER32.dll
0x00007ffa676d0000 - 0x00007ffa676ee000 	C:\WINDOWS\System32\win32u.dll
0x00007ffa67700000 - 0x00007ffa67734000 	C:\WINDOWS\System32\GDI32.dll
0x00007ffa67430000 - 0x00007ffa675b2000 	C:\WINDOWS\System32\gdi32full.dll
0x00007ffa5f9f0000 - 0x00007ffa5fc69000 	C:\WINDOWS\WinSxS\amd64_microsoft.windows.common-controls_6595b64144ccf1df_6.0.14393.447_none_42191651c6827bb3\COMCTL32.dll
0x00007ffa67c50000 - 0x00007ffa67f18000 	C:\WINDOWS\System32\combase.dll
0x00007ffa66d30000 - 0x00007ffa66e25000 	C:\WINDOWS\System32\ucrtbase.dll
0x00007ffa673c0000 - 0x00007ffa6742a000 	C:\WINDOWS\System32\bcryptPrimitives.dll
0x00007ffa69d80000 - 0x00007ffa69dae000 	C:\WINDOWS\System32\IMM32.DLL
0x0000000064af0000 - 0x0000000064bc2000 	C:\Program Files\Android\Android Studio\jre\jre\bin\msvcr100.dll
0x00000000642a0000 - 0x0000000064ad4000 	C:\Program Files\Android\Android Studio\jre\jre\bin\server\jvm.dll
0x00007ffa676f0000 - 0x00007ffa676f8000 	C:\WINDOWS\System32\PSAPI.DLL
0x00007ffa648b0000 - 0x00007ffa648d3000 	C:\WINDOWS\SYSTEM32\WINMM.dll
0x00007ffa62d60000 - 0x00007ffa62d6a000 	C:\WINDOWS\SYSTEM32\VERSION.dll
0x00007ffa58960000 - 0x00007ffa58969000 	C:\WINDOWS\SYSTEM32\WSOCK32.dll
0x00007ffa69d10000 - 0x00007ffa69d7a000 	C:\WINDOWS\System32\WS2_32.dll
0x00000000017a0000 - 0x00000000017cb000 	C:\WINDOWS\SYSTEM32\WINMMBASE.dll
0x00007ffa67370000 - 0x00007ffa673b2000 	C:\WINDOWS\System32\cfgmgr32.dll
0x00007ffa62970000 - 0x00007ffa6297f000 	C:\Program Files\Android\Android Studio\jre\jre\bin\verify.dll
0x00007ffa60490000 - 0x00007ffa604b9000 	C:\Program Files\Android\Android Studio\jre\jre\bin\java.dll
0x00007ffa5e5a0000 - 0x00007ffa5e5b6000 	C:\Program Files\Android\Android Studio\jre\jre\bin\zip.dll
0x00007ffa68090000 - 0x00007ffa69599000 	C:\WINDOWS\System32\SHELL32.dll
0x00007ffa66650000 - 0x00007ffa66d2a000 	C:\WINDOWS\System32\windows.storage.dll
0x00007ffa665f0000 - 0x00007ffa6663c000 	C:\WINDOWS\System32\powrprof.dll
0x00007ffa69e20000 - 0x00007ffa69e72000 	C:\WINDOWS\System32\shlwapi.dll
0x00007ffa66640000 - 0x00007ffa6664f000 	C:\WINDOWS\System32\kernel.appcore.dll
0x00007ffa67620000 - 0x00007ffa676c9000 	C:\WINDOWS\System32\shcore.dll
0x00007ffa665c0000 - 0x00007ffa665d4000 	C:\WINDOWS\System32\profapi.dll
0x00007ffa5a030000 - 0x00007ffa5a04a000 	C:\Program Files\Android\Android Studio\jre\jre\bin\net.dll
0x00007ffa65e90000 - 0x00007ffa65eec000 	C:\WINDOWS\system32\mswsock.dll
0x00007ffa54760000 - 0x00007ffa54771000 	C:\Program Files\Android\Android Studio\jre\jre\bin\nio.dll
0x00007ffa60730000 - 0x00007ffa60742000 	C:\Users\Daniel\.gradle\native\19\windows-amd64\native-platform.dll
0x00007ffa660a0000 - 0x00007ffa660b7000 	C:\WINDOWS\SYSTEM32\CRYPTSP.dll
0x00007ffa65aa0000 - 0x00007ffa65ad3000 	C:\WINDOWS\system32\rsaenh.dll
0x00007ffa66460000 - 0x00007ffa6648b000 	C:\WINDOWS\SYSTEM32\bcrypt.dll
0x00007ffa65d10000 - 0x00007ffa65d2f000 	C:\WINDOWS\SYSTEM32\USERENV.dll
0x00007ffa66090000 - 0x00007ffa6609b000 	C:\WINDOWS\SYSTEM32\CRYPTBASE.dll
0x00007ffa65c20000 - 0x00007ffa65c58000 	C:\WINDOWS\SYSTEM32\IPHLPAPI.DLL
0x00007ffa68080000 - 0x00007ffa68088000 	C:\WINDOWS\System32\NSI.dll
0x00007ffa5fc70000 - 0x00007ffa5fc86000 	C:\WINDOWS\SYSTEM32\dhcpcsvc6.DLL
0x00007ffa61540000 - 0x00007ffa6155a000 	C:\WINDOWS\SYSTEM32\dhcpcsvc.DLL
0x00007ffa60510000 - 0x00007ffa6051d000 	C:\Program Files\Android\Android Studio\jre\jre\bin\management.dll

VM Arguments:
jvm_args: -Xmx1536m -Dfile.encoding=windows-1252 -Duser.country=BR -Duser.language=pt -Duser.variant 
java_command: org.gradle.launcher.daemon.bootstrap.GradleDaemon 2.14.1
java_class_path (initial): C:\Program Files\Android\Android Studio\gradle\gradle-2.14.1\lib\gradle-launcher-2.14.1.jar
Launcher Type: SUN_STANDARD

Environment Variables:
PATH=C:\ProgramData\Oracle\Java\javapath;C:\Program Files (x86)\Intel\iCLS Client\;C:\Program Files\Intel\iCLS Client\;C:\WINDOWS\system32;C:\WINDOWS;C:\WINDOWS\System32\Wbem;C:\WINDOWS\System32\WindowsPowerShell\v1.0\;C:\Program Files\Intel\Intel(R) Management Engine Components\DAL;C:\Program Files (x86)\Intel\Intel(R) Management Engine Components\DAL;C:\Program Files\Intel\Intel(R) Management Engine Components\IPT;C:\Program Files (x86)\Intel\Intel(R) Management Engine Components\IPT;C:\Program Files (x86)\NVIDIA Corporation\PhysX\Common;C:\WINDOWS\system32;C:\WINDOWS;C:\WINDOWS\System32\Wbem;C:\WINDOWS\System32\WindowsPowerShell\v1.0\;C:\Program Files (x86)\Skype\Phone\;C:\sqlite> 
USERNAME=Daniel
OS=Windows_NT
PROCESSOR_IDENTIFIER=Intel64 Family 6 Model 61 Stepping 4, GenuineIntel



---------------  S Y S T E M  ---------------

OS: Windows 10.0 , 64 bit Build 14393 (10.0.14393.0)

CPU:total 4 (2 cores per cpu, 2 threads per core) family 6 model 61 stepping 4, cmov, cx8, fxsr, mmx, sse, sse2, sse3, ssse3, sse4.1, sse4.2, popcnt, avx, avx2, aes, clmul, erms, 3dnowpref, lzcnt, ht, tsc, tscinvbit, bmi1, bmi2, adx

Memory: 4k page, physical 8296896k(675620k free), swap 8296896k(5620k free)

vm_info: OpenJDK 64-Bit Server VM (25.76-b03) for windows-amd64 JRE (1.8.0_76-release-b03), built on Jun 29 2016 19:09:20 by "ralucas" with MS VC++ 10.0 (VS2010)

time: Tue Mar 07 19:40:09 2017
elapsed time: 262 seconds (0d 0h 4m 22s)

